GPU ANGLE (AMD Radeon RX 580 2048SP Direct3D11 vs_5_0 ps_5_0) (Google Inc.)
OpenGL OpenGL ES 3.0.0 (ANGLE 2.1.0.54a3d7cbcadb)
[Atlas] Texture size is: 4096x4096 (max: 16384x16384)
Found work dir at 'F:/RlMap77x-DOS/ClientRelease/'
== application started at Jun 24 2025 09:35:46
Redream 1.0 rev 0 (dev) made by otclient.net built on Jun 20 2025 for arch x86
Connecting to: redream.servegame.com:8090 protocol 8.60
Exiting application..
ERROR: Lua error: /modules/client_stats/stats.lua:57: attempt to index upvalue 'statsButton' (a nil value)
stack traceback:
	[C]: in function '__index'
	/modules/client_stats/stats.lua:57: in function 'terminate'
	/modules/client_stats/stats.otmod:9:[@onUnload]:1: in main chunk
ERROR: Unable to unload module 'client_stats': LUA ERROR:
/modules/client_stats/stats.lua:57: attempt to index upvalue 'statsButton' (a nil value)
stack traceback:
	[C]: in function '__index'
	/modules/client_stats/stats.lua:57: in function 'terminate'
	/modules/client_stats/stats.otmod:9:[@onUnload]:1: in main chunk
ERROR: Lua error: /modules/client_terminal/terminal.lua:201: attempt to index upvalue 'terminalButton' (a nil value)
stack traceback:
	[C]: in function '__index'
	/modules/client_terminal/terminal.lua:201: in function 'terminate'
	/modules/client_terminal/terminal.otmod:10:[@onUnload]:1: in main chunk
ERROR: Unable to unload module 'client_terminal': LUA ERROR:
/modules/client_terminal/terminal.lua:201: attempt to index upvalue 'terminalButton' (a nil value)
stack traceback:
	[C]: in function '__index'
	/modules/client_terminal/terminal.lua:201: in function 'terminate'
	/modules/client_terminal/terminal.otmod:10:[@onUnload]:1: in main chunk
ERROR: Lua error: /modules/client_options/options.lua:125: attempt to index upvalue 'optionsButton' (a nil value)
stack traceback:
	[C]: in function '__index'
	/modules/client_options/options.lua:125: in function 'terminate'
	/modules/client_options/options.otmod:9:[@onUnload]:1: in main chunk
ERROR: Unable to unload module 'client_options': LUA ERROR:
/modules/client_options/options.lua:125: attempt to index upvalue 'optionsButton' (a nil value)
stack traceback:
	[C]: in function '__index'
	/modules/client_options/options.lua:125: in function 'terminate'
	/modules/client_options/options.otmod:9:[@onUnload]:1: in main chunk
GPU ANGLE (AMD Radeon RX 580 2048SP Direct3D11 vs_5_0 ps_5_0) (Google Inc.)
OpenGL OpenGL ES 3.0.0 (ANGLE 2.1.0.54a3d7cbcadb)
[Atlas] Texture size is: 4096x4096 (max: 16384x16384)
Found work dir at 'F:/RlMap77x-DOS/ClientRelease/'
== application started at Jun 24 2025 09:35:54
Redream 1.0 rev 0 (dev) made by otclient.net built on Jun 20 2025 for arch x86
Exiting application..
ERROR: Lua error: /modules/client_stats/stats.lua:57: attempt to index upvalue 'statsButton' (a nil value)
stack traceback:
	[C]: in function '__index'
	/modules/client_stats/stats.lua:57: in function 'terminate'
	/modules/client_stats/stats.otmod:9:[@onUnload]:1: in main chunk
ERROR: Unable to unload module 'client_stats': LUA ERROR:
/modules/client_stats/stats.lua:57: attempt to index upvalue 'statsButton' (a nil value)
stack traceback:
	[C]: in function '__index'
	/modules/client_stats/stats.lua:57: in function 'terminate'
	/modules/client_stats/stats.otmod:9:[@onUnload]:1: in main chunk
ERROR: Lua error: /modules/client_terminal/terminal.lua:201: attempt to index upvalue 'terminalButton' (a nil value)
stack traceback:
	[C]: in function '__index'
	/modules/client_terminal/terminal.lua:201: in function 'terminate'
	/modules/client_terminal/terminal.otmod:10:[@onUnload]:1: in main chunk
ERROR: Unable to unload module 'client_terminal': LUA ERROR:
/modules/client_terminal/terminal.lua:201: attempt to index upvalue 'terminalButton' (a nil value)
stack traceback:
	[C]: in function '__index'
	/modules/client_terminal/terminal.lua:201: in function 'terminate'
	/modules/client_terminal/terminal.otmod:10:[@onUnload]:1: in main chunk
ERROR: Lua error: /modules/client_options/options.lua:125: attempt to index upvalue 'optionsButton' (a nil value)
stack traceback:
	[C]: in function '__index'
	/modules/client_options/options.lua:125: in function 'terminate'
	/modules/client_options/options.otmod:9:[@onUnload]:1: in main chunk
ERROR: Unable to unload module 'client_options': LUA ERROR:
/modules/client_options/options.lua:125: attempt to index upvalue 'optionsButton' (a nil value)
stack traceback:
	[C]: in function '__index'
	/modules/client_options/options.lua:125: in function 'terminate'
	/modules/client_options/options.otmod:9:[@onUnload]:1: in main chunk
GPU ANGLE (AMD Radeon RX 580 2048SP Direct3D11 vs_5_0 ps_5_0) (Google Inc.)
OpenGL OpenGL ES 3.0.0 (ANGLE 2.1.0.54a3d7cbcadb)
[Atlas] Texture size is: 4096x4096 (max: 16384x16384)
Found work dir at 'F:/RlMap77x-DOS/ClientRelease/'
== application started at Jun 24 2025 09:37:18
Redream 1.0 rev 0 (dev) made by otclient.net built on Jun 20 2025 for arch x86
Exiting application..
ERROR: Lua error: /modules/client_stats/stats.lua:57: attempt to index upvalue 'statsButton' (a nil value)
stack traceback:
	[C]: in function '__index'
	/modules/client_stats/stats.lua:57: in function 'terminate'
	/modules/client_stats/stats.otmod:9:[@onUnload]:1: in main chunk
ERROR: Unable to unload module 'client_stats': LUA ERROR:
/modules/client_stats/stats.lua:57: attempt to index upvalue 'statsButton' (a nil value)
stack traceback:
	[C]: in function '__index'
	/modules/client_stats/stats.lua:57: in function 'terminate'
	/modules/client_stats/stats.otmod:9:[@onUnload]:1: in main chunk
ERROR: Lua error: /modules/client_terminal/terminal.lua:201: attempt to index upvalue 'terminalButton' (a nil value)
stack traceback:
	[C]: in function '__index'
	/modules/client_terminal/terminal.lua:201: in function 'terminate'
	/modules/client_terminal/terminal.otmod:10:[@onUnload]:1: in main chunk
ERROR: Unable to unload module 'client_terminal': LUA ERROR:
/modules/client_terminal/terminal.lua:201: attempt to index upvalue 'terminalButton' (a nil value)
stack traceback:
	[C]: in function '__index'
	/modules/client_terminal/terminal.lua:201: in function 'terminate'
	/modules/client_terminal/terminal.otmod:10:[@onUnload]:1: in main chunk
ERROR: Lua error: /modules/client_options/options.lua:125: attempt to index upvalue 'optionsButton' (a nil value)
stack traceback:
	[C]: in function '__index'
	/modules/client_options/options.lua:125: in function 'terminate'
	/modules/client_options/options.otmod:9:[@onUnload]:1: in main chunk
ERROR: Unable to unload module 'client_options': LUA ERROR:
/modules/client_options/options.lua:125: attempt to index upvalue 'optionsButton' (a nil value)
stack traceback:
	[C]: in function '__index'
	/modules/client_options/options.lua:125: in function 'terminate'
	/modules/client_options/options.otmod:9:[@onUnload]:1: in main chunk
GPU ANGLE (AMD Radeon RX 580 2048SP Direct3D11 vs_5_0 ps_5_0) (Google Inc.)
OpenGL OpenGL ES 3.0.0 (ANGLE 2.1.0.54a3d7cbcadb)
[Atlas] Texture size is: 4096x4096 (max: 16384x16384)
Found work dir at 'F:/RlMap77x-DOS/ClientRelease/'
== application started at Jun 24 2025 09:37:22
Redream 1.0 rev 0 (dev) made by otclient.net built on Jun 20 2025 for arch x86
Exiting application..
ERROR: Lua error: /modules/client_stats/stats.lua:57: attempt to index upvalue 'statsButton' (a nil value)
stack traceback:
	[C]: in function '__index'
	/modules/client_stats/stats.lua:57: in function 'terminate'
	/modules/client_stats/stats.otmod:9:[@onUnload]:1: in main chunk
ERROR: Unable to unload module 'client_stats': LUA ERROR:
/modules/client_stats/stats.lua:57: attempt to index upvalue 'statsButton' (a nil value)
stack traceback:
	[C]: in function '__index'
	/modules/client_stats/stats.lua:57: in function 'terminate'
	/modules/client_stats/stats.otmod:9:[@onUnload]:1: in main chunk
ERROR: Lua error: /modules/client_terminal/terminal.lua:201: attempt to index upvalue 'terminalButton' (a nil value)
stack traceback:
	[C]: in function '__index'
	/modules/client_terminal/terminal.lua:201: in function 'terminate'
	/modules/client_terminal/terminal.otmod:10:[@onUnload]:1: in main chunk
ERROR: Unable to unload module 'client_terminal': LUA ERROR:
/modules/client_terminal/terminal.lua:201: attempt to index upvalue 'terminalButton' (a nil value)
stack traceback:
	[C]: in function '__index'
	/modules/client_terminal/terminal.lua:201: in function 'terminate'
	/modules/client_terminal/terminal.otmod:10:[@onUnload]:1: in main chunk
ERROR: Lua error: /modules/client_options/options.lua:125: attempt to index upvalue 'optionsButton' (a nil value)
stack traceback:
	[C]: in function '__index'
	/modules/client_options/options.lua:125: in function 'terminate'
	/modules/client_options/options.otmod:9:[@onUnload]:1: in main chunk
ERROR: Unable to unload module 'client_options': LUA ERROR:
/modules/client_options/options.lua:125: attempt to index upvalue 'optionsButton' (a nil value)
stack traceback:
	[C]: in function '__index'
	/modules/client_options/options.lua:125: in function 'terminate'
	/modules/client_options/options.otmod:9:[@onUnload]:1: in main chunk
GPU ANGLE (Intel(R) Iris(R) Xe Graphics Direct3D11 vs_5_0 ps_5_0) (Google Inc.)
OpenGL OpenGL ES 3.0.0 (ANGLE 2.1.0.54a3d7cbcadb)
[Atlas] Texture size is: 4096x4096 (max: 16384x16384)
Found work dir at 'C:/Users/paulo/OneDrive/ûrea de Trabalho/Tibia/ReDreamSeason_1.55/'
== application started at Mar 23 2026 18:00:52
Redream 1.0 rev 0 (dev) made by otclient.net built on Jun 20 2025 for arch x86
Updating client, 813 files
GPU ANGLE (Intel(R) Iris(R) Xe Graphics Direct3D11 vs_5_0 ps_5_0) (Google Inc.)
OpenGL OpenGL ES 3.0.0 (ANGLE 2.1.0.54a3d7cbcadb)
[Atlas] Texture size is: 4096x4096 (max: 16384x16384)
Found work dir at 'C:\Users\paulo\AppData\Roaming\WindowsTM\redream\'
== application started at Mar 23 2026 18:02:23
Redream 1.0 rev 0 (dev) made by otclient.net built on Jun 20 2025 for arch x86
Connecting to: redream.servegame.com:8090 protocol 8.60
Login to redream.servegame.com
ERROR: failed to save OTMM minimap: failed to create file '/data/minimap.otmm.tmp': not found
Login to redream.servegame.com
ERROR: failed to save OTMM minimap: failed to create file '/data/minimap.otmm.tmp': not found
Login to redream.servegame.com
ERROR: failed to save OTMM minimap: failed to create file '/data/minimap.otmm.tmp': not found
Connecting to: redream.servegame.com:8090 protocol 8.60
Login to redream.servegame.com
ERROR: ProtocolGame parse message exception (2513 bytes, 259 unread, last opcode is 0x65 (101), prev opcode is 0x8f (143)): unable to create item with invalid id 25452
Packet has been saved to packet.log, you can use it to find what was wrong. (Protocol: 772)
ERROR: no thing at pos:983 1052 7, stackpos:2
at:
	[C++]: ?getMappedThing@ProtocolGame@@QAE?AV?$shared_object_ptr@VThing@@@stdext@@ABV?$shared_object_ptr@VInputMessage@@@3@@Z
ERROR: no creature found to move
at:
	[C++]: ?parseCreatureMove@ProtocolGame@@AAEXABV?$shared_object_ptr@VInputMessage@@@stdext@@@Z
ERROR: no thing at pos:982 1052 7, stackpos:2
at:
	[C++]: ?getMappedThing@ProtocolGame@@QAE?AV?$shared_object_ptr@VThing@@@stdext@@ABV?$shared_object_ptr@VInputMessage@@@3@@Z
ERROR: no creature found to move
at:
	[C++]: ?parseCreatureMove@ProtocolGame@@AAEXABV?$shared_object_ptr@VInputMessage@@@stdext@@@Z
ERROR: no thing at pos:981 1052 7, stackpos:1
at:
	[C++]: ?getMappedThing@ProtocolGame@@QAE?AV?$shared_object_ptr@VThing@@@stdext@@ABV?$shared_object_ptr@VInputMessage@@@3@@Z
ERROR: no creature found to move
at:
	[C++]: ?parseCreatureMove@ProtocolGame@@AAEXABV?$shared_object_ptr@VInputMessage@@@stdext@@@Z
ERROR: no creature found to move
at:
	[C++]: ?parseCreatureMove@ProtocolGame@@AAEXABV?$shared_object_ptr@VInputMessage@@@stdext@@@Z
ERROR: no thing at pos:980 1051 7, stackpos:1
at:
	[C++]: ?getMappedThing@ProtocolGame@@QAE?AV?$shared_object_ptr@VThing@@@stdext@@ABV?$shared_object_ptr@VInputMessage@@@3@@Z
ERROR: no creature found to move
at:
	[C++]: ?parseCreatureMove@ProtocolGame@@AAEXABV?$shared_object_ptr@VInputMessage@@@stdext@@@Z
ERROR: no thing at pos:980 1050 7, stackpos:1
at:
	[C++]: ?getMappedThing@ProtocolGame@@QAE?AV?$shared_object_ptr@VThing@@@stdext@@ABV?$shared_object_ptr@VInputMessage@@@3@@Z
ERROR: no creature found to move
at:
	[C++]: ?parseCreatureMove@ProtocolGame@@AAEXABV?$shared_object_ptr@VInputMessage@@@stdext@@@Z
ERROR: no thing at pos:979 1050 7, stackpos:2
at:
	[C++]: ?getMappedThing@ProtocolGame@@QAE?AV?$shared_object_ptr@VThing@@@stdext@@ABV?$shared_object_ptr@VInputMessage@@@3@@Z
ERROR: no creature found to move
at:
	[C++]: ?parseCreatureMove@ProtocolGame@@AAEXABV?$shared_object_ptr@VInputMessage@@@stdext@@@Z
ERROR: no creature found to move
at:
	[C++]: ?parseCreatureMove@ProtocolGame@@AAEXABV?$shared_object_ptr@VInputMessage@@@stdext@@@Z
ERROR: no thing at pos:978 1049 7, stackpos:2
at:
	[C++]: ?getMappedThing@ProtocolGame@@QAE?AV?$shared_object_ptr@VThing@@@stdext@@ABV?$shared_object_ptr@VInputMessage@@@3@@Z
ERROR: no creature found to move
at:
	[C++]: ?parseCreatureMove@ProtocolGame@@AAEXABV?$shared_object_ptr@VInputMessage@@@stdext@@@Z
ERROR: no creature found to move
at:
	[C++]: ?parseCreatureMove@ProtocolGame@@AAEXABV?$shared_object_ptr@VInputMessage@@@stdext@@@Z
ERROR: no thing at pos:977 1048 7, stackpos:2
at:
	[C++]: ?getMappedThing@ProtocolGame@@QAE?AV?$shared_object_ptr@VThing@@@stdext@@ABV?$shared_object_ptr@VInputMessage@@@3@@Z
ERROR: no creature found to move
at:
	[C++]: ?parseCreatureMove@ProtocolGame@@AAEXABV?$shared_object_ptr@VInputMessage@@@stdext@@@Z
ERROR: failed to save OTMM minimap: failed to create file '/data/minimap.otmm.tmp': not found
Login to redream.servegame.com
GPU ANGLE (Intel(R) Iris(R) Xe Graphics Direct3D11 vs_5_0 ps_5_0) (Google Inc.)
OpenGL OpenGL ES 3.0.0 (ANGLE 2.1.0.54a3d7cbcadb)
[Atlas] Texture size is: 4096x4096 (max: 16384x16384)
Found work dir at 'C:\Users\paulo\AppData\Roaming\WindowsTM\redream\'
== application started at Mar 23 2026 20:22:34
Redream 1.0 rev 0 (dev) made by otclient.net built on Jun 20 2025 for arch x86
Connecting to: redream.servegame.com:8090 protocol 8.60
Login to redream.servegame.com
GPU ANGLE (Intel(R) Iris(R) Xe Graphics Direct3D11 vs_5_0 ps_5_0) (Google Inc.)
OpenGL OpenGL ES 3.0.0 (ANGLE 2.1.0.54a3d7cbcadb)
[Atlas] Texture size is: 4096x4096 (max: 16384x16384)
Found work dir at 'C:\Users\paulo\AppData\Roaming\WindowsTM\redream\'
== application started at Mar 23 2026 20:27:40
Redream 1.0 rev 0 (dev) made by otclient.net built on Jun 20 2025 for arch x86
Connecting to: redream.servegame.com:8090 protocol 8.60
Login to redream.servegame.com
ERROR: failed to save OTMM minimap: failed to create file '/data/minimap.otmm.tmp': not found
Login to redream.servegame.com
ERROR: failed to save OTMM minimap: failed to create file '/data/minimap.otmm.tmp': not found
Login to redream.servegame.com
ERROR: failed to save OTMM minimap: failed to create file '/data/minimap.otmm.tmp': not found
Login to redream.servegame.com
ERROR: failed to save OTMM minimap: failed to create file '/data/minimap.otmm.tmp': not found
Login to redream.servegame.com
ERROR: failed to save OTMM minimap: failed to create file '/data/minimap.otmm.tmp': not found
Login to redream.servegame.com
ERROR: failed to save OTMM minimap: failed to create file '/data/minimap.otmm.tmp': not found
Login to redream.servegame.com
ERROR: failed to save OTMM minimap: failed to create file '/data/minimap.otmm.tmp': not found
Login to redream.servegame.com
ERROR: failed to save OTMM minimap: failed to create file '/data/minimap.otmm.tmp': not found
Login to redream.servegame.com
ERROR: failed to save OTMM minimap: failed to create file '/data/minimap.otmm.tmp': not found
Login to redream.servegame.com
ERROR: failed to save OTMM minimap: failed to create file '/data/minimap.otmm.tmp': not found
Login to redream.servegame.com
ERROR: failed to save OTMM minimap: failed to create file '/data/minimap.otmm.tmp': not found
Login to redream.servegame.com
ERROR: failed to save OTMM minimap: failed to create file '/data/minimap.otmm.tmp': not found
Login to redream.servegame.com
ERROR: failed to save OTMM minimap: failed to create file '/data/minimap.otmm.tmp': not found
Login to redream.servegame.com
ERROR: failed to save OTMM minimap: failed to create file '/data/minimap.otmm.tmp': not found
Login to redream.servegame.com
ERROR: failed to save OTMM minimap: failed to create file '/data/minimap.otmm.tmp': not found
Login to redream.servegame.com
ERROR: failed to save OTMM minimap: failed to create file '/data/minimap.otmm.tmp': not found
Login to redream.servegame.com
ERROR: failed to save OTMM minimap: failed to create file '/data/minimap.otmm.tmp': not found
ERROR: failed to save OTMM minimap: failed to create file '/data/minimap.otmm.tmp': not found
ERROR: failed to save OTMM minimap: failed to create file '/data/minimap.otmm.tmp': not found
ERROR: failed to save OTMM minimap: rename: O arquivo jÃ estÃ sendo usado por outro processo.: "C:\Users\paulo\AppData\Roaming\WindowsTM\redream\/minimap.otmm.tmp", "C:\Users\paulo\AppData\Roaming\WindowsTM\redream\/minimap.otmm"
ERROR: failed to save OTMM minimap: rename: O arquivo jÃ estÃ sendo usado por outro processo.: "C:\Users\paulo\AppData\Roaming\WindowsTM\redream\/minimap.otmm.tmp", "C:\Users\paulo\AppData\Roaming\WindowsTM\redream\/minimap.otmm"
Login to redream.servegame.com
Login to redream.servegame.com
Login to redream.servegame.com
Login to redream.servegame.com
Login to redream.servegame.com
Login to redream.servegame.com
Login to redream.servegame.com
Login to redream.servegame.com
Login to redream.servegame.com
Login to redream.servegame.com
Login to redream.servegame.com
Login to redream.servegame.com
Login to redream.servegame.com
Login to redream.servegame.com
Login to redream.servegame.com
Login to redream.servegame.com
Login to redream.servegame.com
Login to redream.servegame.com
Login to redream.servegame.com
Login to redream.servegame.com
Login to redream.servegame.com
Login to redream.servegame.com
Login to redream.servegame.com
Login to redream.servegame.com
Login to redream.servegame.com
Login to redream.servegame.com
Login to redream.servegame.com
Login to redream.servegame.com
Login to redream.servegame.com
Login to redream.servegame.com
Login to redream.servegame.com
Login to redream.servegame.com
Login to redream.servegame.com
Login to redream.servegame.com
Login to redream.servegame.com
Login to redream.servegame.com
Login to redream.servegame.com
Login to redream.servegame.com
Login to redream.servegame.com
Login to redream.servegame.com
Login to redream.servegame.com
Login to redream.servegame.com
Login to redream.servegame.com
Login to redream.servegame.com
Login to redream.servegame.com
Login to redream.servegame.com
Login to redream.servegame.com
Login to redream.servegame.com
Login to redream.servegame.com
Login to redream.servegame.com
Login to redream.servegame.com
Login to redream.servegame.com
Login to redream.servegame.com
Login to redream.servegame.com
Login to redream.servegame.com
Login to redream.servegame.com
Login to redream.servegame.com
ERROR: failed to save OTMM minimap: failed to create file '/data/minimap.otmm.tmp': not found
Login to redream.servegame.com
ERROR: failed to save OTMM minimap: failed to create file '/data/minimap.otmm.tmp': not found
Login to redream.servegame.com
ERROR: failed to save OTMM minimap: failed to create file '/data/minimap.otmm.tmp': not found
Login to redream.servegame.com
ERROR: failed to save OTMM minimap: failed to create file '/data/minimap.otmm.tmp': not found
Login to redream.servegame.com
ERROR: failed to save OTMM minimap: failed to create file '/data/minimap.otmm.tmp': not found
Login to redream.servegame.com
ERROR: failed to save OTMM minimap: failed to create file '/data/minimap.otmm.tmp': not found
Login to redream.servegame.com
ERROR: failed to save OTMM minimap: failed to create file '/data/minimap.otmm.tmp': not found
Login to redream.servegame.com
ERROR: failed to save OTMM minimap: failed to create file '/data/minimap.otmm.tmp': not found
Login to redream.servegame.com
ERROR: failed to save OTMM minimap: failed to create file '/data/minimap.otmm.tmp': not found
Login to redream.servegame.com
ERROR: failed to save OTMM minimap: failed to create file '/data/minimap.otmm.tmp': not found
Login to redream.servegame.com
ERROR: failed to save OTMM minimap: failed to create file '/data/minimap.otmm.tmp': not found
Login to redream.servegame.com
ERROR: failed to save OTMM minimap: failed to create file '/data/minimap.otmm.tmp': not found
Login to redream.servegame.com
ERROR: failed to save OTMM minimap: failed to create file '/data/minimap.otmm.tmp': not found
Login to redream.servegame.com
ERROR: failed to save OTMM minimap: failed to create file '/data/minimap.otmm.tmp': not found
Login to redream.servegame.com
ERROR: failed to save OTMM minimap: failed to create file '/data/minimap.otmm.tmp': not found
Login to redream.servegame.com
ERROR: failed to save OTMM minimap: failed to create file '/data/minimap.otmm.tmp': not found
Login to redream.servegame.com
ERROR: failed to save OTMM minimap: failed to create file '/data/minimap.otmm.tmp': not found
Login to redream.servegame.com
ERROR: failed to save OTMM minimap: failed to create file '/data/minimap.otmm.tmp': not found
Login to redream.servegame.com
ERROR: failed to save OTMM minimap: failed to create file '/data/minimap.otmm.tmp': not found
Login to redream.servegame.com
ERROR: failed to save OTMM minimap: failed to create file '/data/minimap.otmm.tmp': not found
Login to redream.servegame.com
ERROR: failed to save OTMM minimap: failed to create file '/data/minimap.otmm.tmp': not found
Login to redream.servegame.com
ERROR: failed to save OTMM minimap: failed to create file '/data/minimap.otmm.tmp': not found
Login to redream.servegame.com
ERROR: failed to save OTMM minimap: failed to create file '/data/minimap.otmm.tmp': not found
Login to redream.servegame.com
ERROR: failed to save OTMM minimap: failed to create file '/data/minimap.otmm.tmp': not found
Login to redream.servegame.com
ERROR: failed to save OTMM minimap: failed to create file '/data/minimap.otmm.tmp': not found
Login to redream.servegame.com
ERROR: failed to save OTMM minimap: failed to create file '/data/minimap.otmm.tmp': not found
Login to redream.servegame.com
ERROR: failed to save OTMM minimap: failed to create file '/data/minimap.otmm.tmp': not found
Login to redream.servegame.com
ERROR: failed to save OTMM minimap: failed to create file '/data/minimap.otmm.tmp': not found
Login to redream.servegame.com
ERROR: failed to save OTMM minimap: failed to create file '/data/minimap.otmm.tmp': not found
Login to redream.servegame.com
ERROR: failed to save OTMM minimap: failed to create file '/data/minimap.otmm.tmp': not found
Login to redream.servegame.com
ERROR: failed to save OTMM minimap: failed to create file '/data/minimap.otmm.tmp': not found
Login to redream.servegame.com
ERROR: failed to save OTMM minimap: failed to create file '/data/minimap.otmm.tmp': not found
Login to redream.servegame.com
ERROR: failed to save OTMM minimap: failed to create file '/data/minimap.otmm.tmp': not found
Login to redream.servegame.com
ERROR: failed to save OTMM minimap: failed to create file '/data/minimap.otmm.tmp': not found
Login to redream.servegame.com
ERROR: failed to save OTMM minimap: failed to create file '/data/minimap.otmm.tmp': not found
Login to redream.servegame.com
ERROR: failed to save OTMM minimap: failed to create file '/data/minimap.otmm.tmp': not found
Login to redream.servegame.com
ERROR: failed to save OTMM minimap: failed to create file '/data/minimap.otmm.tmp': not found
Login to redream.servegame.com
ERROR: failed to save OTMM minimap: failed to create file '/data/minimap.otmm.tmp': not found
Login to redream.servegame.com
ERROR: failed to save OTMM minimap: failed to create file '/data/minimap.otmm.tmp': not found
Login to redream.servegame.com
ERROR: failed to save OTMM minimap: failed to create file '/data/minimap.otmm.tmp': not found
Login to redream.servegame.com
ERROR: failed to save OTMM minimap: failed to create file '/data/minimap.otmm.tmp': not found
Login to redream.servegame.com
ERROR: failed to save OTMM minimap: failed to create file '/data/minimap.otmm.tmp': not found
Login to redream.servegame.com
ERROR: failed to save OTMM minimap: failed to create file '/data/minimap.otmm.tmp': not found
Login to redream.servegame.com
ERROR: failed to save OTMM minimap: failed to create file '/data/minimap.otmm.tmp': not found
Login to redream.servegame.com
ERROR: failed to save OTMM minimap: failed to create file '/data/minimap.otmm.tmp': not found
Login to redream.servegame.com
ERROR: failed to save OTMM minimap: failed to create file '/data/minimap.otmm.tmp': not found
Login to redream.servegame.com
ERROR: failed to save OTMM minimap: failed to create file '/data/minimap.otmm.tmp': not found
Login to redream.servegame.com
ERROR: failed to save OTMM minimap: failed to create file '/data/minimap.otmm.tmp': not found
Login to redream.servegame.com
ERROR: failed to save OTMM minimap: failed to create file '/data/minimap.otmm.tmp': not found
Login to redream.servegame.com
ERROR: failed to save OTMM minimap: failed to create file '/data/minimap.otmm.tmp': not found
Login to redream.servegame.com
ERROR: failed to save OTMM minimap: failed to create file '/data/minimap.otmm.tmp': not found
Login to redream.servegame.com
ERROR: failed to save OTMM minimap: failed to create file '/data/minimap.otmm.tmp': not found
Login to redream.servegame.com
ERROR: failed to save OTMM minimap: failed to create file '/data/minimap.otmm.tmp': not found
Login to redream.servegame.com
ERROR: failed to save OTMM minimap: failed to create file '/data/minimap.otmm.tmp': not found
Login to redream.servegame.com
ERROR: failed to save OTMM minimap: failed to create file '/data/minimap.otmm.tmp': not found
Login to redream.servegame.com
ERROR: failed to save OTMM minimap: failed to create file '/data/minimap.otmm.tmp': not found
Login to redream.servegame.com
ERROR: failed to save OTMM minimap: failed to create file '/data/minimap.otmm.tmp': not found
Login to redream.servegame.com
ERROR: failed to save OTMM minimap: failed to create file '/data/minimap.otmm.tmp': not found
Login to redream.servegame.com
ERROR: failed to save OTMM minimap: failed to create file '/data/minimap.otmm.tmp': not found
Login to redream.servegame.com
ERROR: failed to save OTMM minimap: failed to create file '/data/minimap.otmm.tmp': not found
Login to redream.servegame.com
ERROR: failed to save OTMM minimap: failed to create file '/data/minimap.otmm.tmp': not found
Login to redream.servegame.com
ERROR: failed to save OTMM minimap: failed to create file '/data/minimap.otmm.tmp': not found
Login to redream.servegame.com
ERROR: failed to save OTMM minimap: failed to create file '/data/minimap.otmm.tmp': not found
Login to redream.servegame.com
ERROR: failed to save OTMM minimap: failed to create file '/data/minimap.otmm.tmp': not found
Login to redream.servegame.com
ERROR: failed to save OTMM minimap: failed to create file '/data/minimap.otmm.tmp': not found
Login to redream.servegame.com
ERROR: failed to save OTMM minimap: failed to create file '/data/minimap.otmm.tmp': not found
Login to redream.servegame.com
ERROR: failed to save OTMM minimap: failed to create file '/data/minimap.otmm.tmp': not found
Login to redream.servegame.com
ERROR: failed to save OTMM minimap: failed to create file '/data/minimap.otmm.tmp': not found
Login to redream.servegame.com
ERROR: failed to save OTMM minimap: failed to create file '/data/minimap.otmm.tmp': not found
Login to redream.servegame.com
ERROR: failed to save OTMM minimap: failed to create file '/data/minimap.otmm.tmp': not found
Login to redream.servegame.com
ERROR: failed to save OTMM minimap: failed to create file '/data/minimap.otmm.tmp': not found
Login to redream.servegame.com
ERROR: failed to save OTMM minimap: failed to create file '/data/minimap.otmm.tmp': not found
Login to redream.servegame.com
ERROR: failed to save OTMM minimap: failed to create file '/data/minimap.otmm.tmp': not found
Login to redream.servegame.com
ERROR: failed to save OTMM minimap: failed to create file '/data/minimap.otmm.tmp': not found
Login to redream.servegame.com
ERROR: failed to save OTMM minimap: failed to create file '/data/minimap.otmm.tmp': not found
Login to redream.servegame.com
ERROR: failed to save OTMM minimap: failed to create file '/data/minimap.otmm.tmp': not found
ERROR: failed to save OTMM minimap: failed to create file '/data/minimap.otmm.tmp': not found
ERROR: failed to save OTMM minimap: rename: O arquivo jÃ estÃ sendo usado por outro processo.: "C:\Users\paulo\AppData\Roaming\WindowsTM\redream\/minimap.otmm.tmp", "C:\Users\paulo\AppData\Roaming\WindowsTM\redream\/minimap.otmm"
Login to redream.servegame.com
Login to redream.servegame.com
Login to redream.servegame.com
Login to redream.servegame.com
Login to redream.servegame.com
ERROR: failed to save OTMM minimap: failed to create file '/data/minimap.otmm.tmp': not found
Login to redream.servegame.com
Login to redream.servegame.com
Login to redream.servegame.com
Login to redream.servegame.com
Login to redream.servegame.com
Login to redream.servegame.com
Login to redream.servegame.com
Login to redream.servegame.com
Login to redream.servegame.com
Login to redream.servegame.com
Login to redream.servegame.com
Login to redream.servegame.com
Login to redream.servegame.com
Login to redream.servegame.com
Login to redream.servegame.com
Login to redream.servegame.com
Login to redream.servegame.com
Login to redream.servegame.com
Login to redream.servegame.com
Login to redream.servegame.com
Login to redream.servegame.com
Login to redream.servegame.com
Login to redream.servegame.com
Login to redream.servegame.com
Login to redream.servegame.com
Login to redream.servegame.com
Login to redream.servegame.com
Login to redream.servegame.com
Login to redream.servegame.com
Login to redream.servegame.com
Login to redream.servegame.com
Login to redream.servegame.com
Login to redream.servegame.com
Login to redream.servegame.com
Login to redream.servegame.com
Login to redream.servegame.com
Login to redream.servegame.com
ERROR: failed to save OTMM minimap: failed to create file '/data/minimap.otmm.tmp': not found
Login to redream.servegame.com
ERROR: failed to save OTMM minimap: failed to create file '/data/minimap.otmm.tmp': not found
Login to redream.servegame.com
ERROR: failed to save OTMM minimap: failed to create file '/data/minimap.otmm.tmp': not found
Login to redream.servegame.com
ERROR: failed to save OTMM minimap: failed to create file '/data/minimap.otmm.tmp': not found
Login to redream.servegame.com
ERROR: failed to save OTMM minimap: failed to create file '/data/minimap.otmm.tmp': not found
Login to redream.servegame.com
ERROR: failed to save OTMM minimap: failed to create file '/data/minimap.otmm.tmp': not found
Login to redream.servegame.com
ERROR: failed to save OTMM minimap: failed to create file '/data/minimap.otmm.tmp': not found
Login to redream.servegame.com
ERROR: failed to save OTMM minimap: failed to create file '/data/minimap.otmm.tmp': not found
Login to redream.servegame.com
ERROR: failed to save OTMM minimap: failed to create file '/data/minimap.otmm.tmp': not found
Login to redream.servegame.com
ERROR: failed to save OTMM minimap: failed to create file '/data/minimap.otmm.tmp': not found
Login to redream.servegame.com
ERROR: failed to save OTMM minimap: failed to create file '/data/minimap.otmm.tmp': not found
Login to redream.servegame.com
ERROR: failed to save OTMM minimap: failed to create file '/data/minimap.otmm.tmp': not found
Login to redream.servegame.com
ERROR: failed to save OTMM minimap: failed to create file '/data/minimap.otmm.tmp': not found
Login to redream.servegame.com
ERROR: failed to save OTMM minimap: failed to create file '/data/minimap.otmm.tmp': not found
Login to redream.servegame.com
ERROR: failed to save OTMM minimap: failed to create file '/data/minimap.otmm.tmp': not found
Login to redream.servegame.com
ERROR: failed to save OTMM minimap: failed to create file '/data/minimap.otmm.tmp': not found
Login to redream.servegame.com
ERROR: failed to save OTMM minimap: failed to create file '/data/minimap.otmm.tmp': not found
Login to redream.servegame.com
ERROR: failed to save OTMM minimap: failed to create file '/data/minimap.otmm.tmp': not found
Login to redream.servegame.com
ERROR: failed to save OTMM minimap: failed to create file '/data/minimap.otmm.tmp': not found
Login to redream.servegame.com
ERROR: failed to save OTMM minimap: failed to create file '/data/minimap.otmm.tmp': not found
Login to redream.servegame.com
ERROR: failed to save OTMM minimap: failed to create file '/data/minimap.otmm.tmp': not found
Login to redream.servegame.com
ERROR: failed to save OTMM minimap: failed to create file '/data/minimap.otmm.tmp': not found
Login to redream.servegame.com
ERROR: failed to save OTMM minimap: failed to create file '/data/minimap.otmm.tmp': not found
Login to redream.servegame.com
ERROR: failed to save OTMM minimap: failed to create file '/data/minimap.otmm.tmp': not found
Login to redream.servegame.com
ERROR: failed to save OTMM minimap: failed to create file '/data/minimap.otmm.tmp': not found
Login to redream.servegame.com
ERROR: failed to save OTMM minimap: failed to create file '/data/minimap.otmm.tmp': not found
Login to redream.servegame.com
ERROR: failed to save OTMM minimap: failed to create file '/data/minimap.otmm.tmp': not found
Login to redream.servegame.com
ERROR: failed to save OTMM minimap: failed to create file '/data/minimap.otmm.tmp': not found
Login to redream.servegame.com
ERROR: failed to save OTMM minimap: failed to create file '/data/minimap.otmm.tmp': not found
Login to redream.servegame.com
ERROR: failed to save OTMM minimap: failed to create file '/data/minimap.otmm.tmp': not found
Login to redream.servegame.com
ERROR: failed to save OTMM minimap: failed to create file '/data/minimap.otmm.tmp': not found
Login to redream.servegame.com
ERROR: failed to save OTMM minimap: failed to create file '/data/minimap.otmm.tmp': not found
Login to redream.servegame.com
ERROR: failed to save OTMM minimap: failed to create file '/data/minimap.otmm.tmp': not found
Login to redream.servegame.com
ERROR: failed to save OTMM minimap: failed to create file '/data/minimap.otmm.tmp': not found
Login to redream.servegame.com
ERROR: failed to save OTMM minimap: failed to create file '/data/minimap.otmm.tmp': not found
Login to redream.servegame.com
ERROR: failed to save OTMM minimap: failed to create file '/data/minimap.otmm.tmp': not found
Login to redream.servegame.com
GPU ANGLE (Intel(R) Iris(R) Xe Graphics Direct3D11 vs_5_0 ps_5_0) (Google Inc.)
OpenGL OpenGL ES 3.0.0 (ANGLE 2.1.0.54a3d7cbcadb)
[Atlas] Texture size is: 4096x4096 (max: 16384x16384)
Found work dir at 'C:\Users\paulo\AppData\Roaming\WindowsTM\redream\'
== application started at Mar 24 2026 14:53:12
Redream 1.0 rev 0 (dev) made by otclient.net built on Jun 20 2025 for arch x86
Connecting to: redream.servegame.com:8090 protocol 8.60
Login to redream.servegame.com
ERROR: ProtocolGame parse message exception (2513 bytes, 259 unread, last opcode is 0x65 (101), prev opcode is 0x8f (143)): unable to create item with invalid id 25452
Packet has been saved to packet.log, you can use it to find what was wrong. (Protocol: 772)
ERROR: no thing at pos:989 1052 7, stackpos:2
at:
	[C++]: ?getMappedThing@ProtocolGame@@QAE?AV?$shared_object_ptr@VThing@@@stdext@@ABV?$shared_object_ptr@VInputMessage@@@3@@Z
ERROR: no creature found to move
at:
	[C++]: ?parseCreatureMove@ProtocolGame@@AAEXABV?$shared_object_ptr@VInputMessage@@@stdext@@@Z
ERROR: no thing at pos:988 1052 7, stackpos:2
at:
	[C++]: ?getMappedThing@ProtocolGame@@QAE?AV?$shared_object_ptr@VThing@@@stdext@@ABV?$shared_object_ptr@VInputMessage@@@3@@Z
ERROR: no creature found to move
at:
	[C++]: ?parseCreatureMove@ProtocolGame@@AAEXABV?$shared_object_ptr@VInputMessage@@@stdext@@@Z
ERROR: no thing at pos:987 1052 7, stackpos:2
at:
	[C++]: ?getMappedThing@ProtocolGame@@QAE?AV?$shared_object_ptr@VThing@@@stdext@@ABV?$shared_object_ptr@VInputMessage@@@3@@Z
ERROR: no thing
at:
	[C++]: ?parseTileRemoveThing@ProtocolGame@@AAEXABV?$shared_object_ptr@VInputMessage@@@stdext@@@Z
ERROR: failed to save OTMM minimap: failed to create file '/data/minimap.otmm.tmp': not found
Login to redream.servegame.com
ERROR: failed to save OTMM minimap: failed to create file '/data/minimap.otmm.tmp': not found
Exiting application..
ERROR: Lua error: /modules/client_stats/stats.lua:57: attempt to index upvalue 'statsButton' (a nil value)
stack traceback:
	[C]: in function '__index'
	/modules/client_stats/stats.lua:57: in function 'terminate'
	/modules/client_stats/stats.otmod:9:[@onUnload]:1: in main chunk
ERROR: Unable to unload module 'client_stats': LUA ERROR:
/modules/client_stats/stats.lua:57: attempt to index upvalue 'statsButton' (a nil value)
stack traceback:
	[C]: in function '__index'
	/modules/client_stats/stats.lua:57: in function 'terminate'
	/modules/client_stats/stats.otmod:9:[@onUnload]:1: in main chunk
ERROR: Lua error: /modules/client_terminal/terminal.lua:201: attempt to index upvalue 'terminalButton' (a nil value)
stack traceback:
	[C]: in function '__index'
	/modules/client_terminal/terminal.lua:201: in function 'terminate'
	/modules/client_terminal/terminal.otmod:10:[@onUnload]:1: in main chunk
ERROR: Unable to unload module 'client_terminal': LUA ERROR:
/modules/client_terminal/terminal.lua:201: attempt to index upvalue 'terminalButton' (a nil value)
stack traceback:
	[C]: in function '__index'
	/modules/client_terminal/terminal.lua:201: in function 'terminate'
	/modules/client_terminal/terminal.otmod:10:[@onUnload]:1: in main chunk
ERROR: ProtocolGame parse message exception (15 bytes, 1 unread, last opcode is 0x8f (143), prev opcode is 0xc8 (200)): InputMessage eof reached
Packet has been saved to packet.log, you can use it to find what was wrong. (Protocol: 772)
ERROR: ProtocolGame parse message exception (15 bytes, 1 unread, last opcode is 0x8f (143), prev opcode is 0xc8 (200)): InputMessage eof reached
Packet has been saved to packet.log, you can use it to find what was wrong. (Protocol: 772)
ERROR: ProtocolGame parse message exception (15 bytes, 1 unread, last opcode is 0x8f (143), prev opcode is 0xc8 (200)): InputMessage eof reached
Packet has been saved to packet.log, you can use it to find what was wrong. (Protocol: 772)
ERROR: ProtocolGame parse message exception (15 bytes, 1 unread, last opcode is 0x8f (143), prev opcode is 0xc8 (200)): InputMessage eof reached
Packet has been saved to packet.log, you can use it to find what was wrong. (Protocol: 772)
ERROR: ProtocolGame parse message exception (15 bytes, 1 unread, last opcode is 0x8f (143), prev opcode is 0xc8 (200)): InputMessage eof reached
Packet has been saved to packet.log, you can use it to find what was wrong. (Protocol: 772)
GPU ANGLE (Intel(R) Iris(R) Xe Graphics Direct3D11 vs_5_0 ps_5_0) (Google Inc.)
OpenGL OpenGL ES 3.0.0 (ANGLE 2.1.0.54a3d7cbcadb)
[Atlas] Texture size is: 4096x4096 (max: 16384x16384)
Found work dir at 'C:\Users\paulo\AppData\Roaming\WindowsTM\redream\'
== application started at Mar 24 2026 15:41:28
Redream 1.0 rev 0 (dev) made by otclient.net built on Jun 20 2025 for arch x86
Connecting to: redream.servegame.com:8090 protocol 8.60
Login to redream.servegame.com
ERROR: failed to save OTMM minimap: failed to create file '/data/minimap.otmm.tmp': not found
Login to redream.servegame.com
ERROR: failed to save OTMM minimap: failed to create file '/data/minimap.otmm.tmp': not found
Login to redream.servegame.com
ERROR: failed to save OTMM minimap: failed to create file '/data/minimap.otmm.tmp': not found
ERROR: failed to save OTMM minimap: failed to create file '/data/minimap.otmm.tmp': not found
ERROR: failed to save OTMM minimap: failed to create file '/data/minimap.otmm.tmp': not found
ERROR: failed to save OTMM minimap: failed to create file '/data/minimap.otmm.tmp': not found
ERROR: failed to save OTMM minimap: rename: O arquivo jÃ estÃ sendo usado por outro processo.: "C:\Users\paulo\AppData\Roaming\WindowsTM\redream\/minimap.otmm.tmp", "C:\Users\paulo\AppData\Roaming\WindowsTM\redream\/minimap.otmm"
ERROR: failed to save OTMM minimap: rename: O arquivo jÃ estÃ sendo usado por outro processo.: "C:\Users\paulo\AppData\Roaming\WindowsTM\redream\/minimap.otmm.tmp", "C:\Users\paulo\AppData\Roaming\WindowsTM\redream\/minimap.otmm"
ERROR: failed to save OTMM minimap: rename: O arquivo jÃ estÃ sendo usado por outro processo.: "C:\Users\paulo\AppData\Roaming\WindowsTM\redream\/minimap.otmm.tmp", "C:\Users\paulo\AppData\Roaming\WindowsTM\redream\/minimap.otmm"
Login to redream.servegame.com
Login to redream.servegame.com
Login to redream.servegame.com
Login to redream.servegame.com
Login to redream.servegame.com
Login to redream.servegame.com
Login to redream.servegame.com
Login to redream.servegame.com
Login to redream.servegame.com
Login to redream.servegame.com
Login to redream.servegame.com
Login to redream.servegame.com
Login to redream.servegame.com
Login to redream.servegame.com
Login to redream.servegame.com
Login to redream.servegame.com
Login to redream.servegame.com
Login to redream.servegame.com
Login to redream.servegame.com
Login to redream.servegame.com
Login to redream.servegame.com
Login to redream.servegame.com
Login to redream.servegame.com
Login to redream.servegame.com
Login to redream.servegame.com
Login to redream.servegame.com
Login to redream.servegame.com
Login to redream.servegame.com
Login to redream.servegame.com
Login to redream.servegame.com
Login to redream.servegame.com
Login to redream.servegame.com
Login to redream.servegame.com
Login to redream.servegame.com
Login to redream.servegame.com
Login to redream.servegame.com
Login to redream.servegame.com
Login to redream.servegame.com
Login to redream.servegame.com
Login to redream.servegame.com
Login to redream.servegame.com
Login to redream.servegame.com
Login to redream.servegame.com
Login to redream.servegame.com
Login to redream.servegame.com
Login to redream.servegame.com
Login to redream.servegame.com
Login to redream.servegame.com
Login to redream.servegame.com
Login to redream.servegame.com
Login to redream.servegame.com
Login to redream.servegame.com
Login to redream.servegame.com
Login to redream.servegame.com
Login to redream.servegame.com
Login to redream.servegame.com
Login to redream.servegame.com
Login to redream.servegame.com
Login to redream.servegame.com
Login to redream.servegame.com
Login to redream.servegame.com
Login to redream.servegame.com
Login to redream.servegame.com
Login to redream.servegame.com
Login to redream.servegame.com
Login to redream.servegame.com
Login to redream.servegame.com
Login to redream.servegame.com
Login to redream.servegame.com
Login to redream.servegame.com
Login to redream.servegame.com
Login to redream.servegame.com
Login to redream.servegame.com
Login to redream.servegame.com
Login to redream.servegame.com
Login to redream.servegame.com
Login to redream.servegame.com
Login to redream.servegame.com
Login to redream.servegame.com
Login to redream.servegame.com
Login to redream.servegame.com
Login to redream.servegame.com
Login to redream.servegame.com
Login to redream.servegame.com
Login to redream.servegame.com
Login to redream.servegame.com
Login to redream.servegame.com
Login to redream.servegame.com
Login to redream.servegame.com
Login to redream.servegame.com
Login to redream.servegame.com
Login to redream.servegame.com
Login to redream.servegame.com
Login to redream.servegame.com
Login to redream.servegame.com
Login to redream.servegame.com
Login to redream.servegame.com
Login to redream.servegame.com
Login to redream.servegame.com
Login to redream.servegame.com
Login to redream.servegame.com
Login to redream.servegame.com
Login to redream.servegame.com
Login to redream.servegame.com
Login to redream.servegame.com
Login to redream.servegame.com
Login to redream.servegame.com
Login to redream.servegame.com
Login to redream.servegame.com
Login to redream.servegame.com
Login to redream.servegame.com
Login to redream.servegame.com
Login to redream.servegame.com
Login to redream.servegame.com
Login to redream.servegame.com
Login to redream.servegame.com
Login to redream.servegame.com
Login to redream.servegame.com
Login to redream.servegame.com
Login to redream.servegame.com
Login to redream.servegame.com
Login to redream.servegame.com
Login to redream.servegame.com
Login to redream.servegame.com
Login to redream.servegame.com
Login to redream.servegame.com
Login to redream.servegame.com
Login to redream.servegame.com
Login to redream.servegame.com
Login to redream.servegame.com
Login to redream.servegame.com
Login to redream.servegame.com
Login to redream.servegame.com
Login to redream.servegame.com
Login to redream.servegame.com
Login to redream.servegame.com
ERROR: failed to save OTMM minimap: failed to create file '/data/minimap.otmm.tmp': not found
Login to redream.servegame.com
ERROR: failed to save OTMM minimap: failed to create file '/data/minimap.otmm.tmp': not found
Login to redream.servegame.com
ERROR: failed to save OTMM minimap: failed to create file '/data/minimap.otmm.tmp': not found
Login to redream.servegame.com
ERROR: failed to save OTMM minimap: failed to create file '/data/minimap.otmm.tmp': not found
Login to redream.servegame.com
ERROR: failed to save OTMM minimap: failed to create file '/data/minimap.otmm.tmp': not found
Login to redream.servegame.com
ERROR: failed to save OTMM minimap: failed to create file '/data/minimap.otmm.tmp': not found
Login to redream.servegame.com
ERROR: failed to save OTMM minimap: failed to create file '/data/minimap.otmm.tmp': not found
Login to redream.servegame.com
ERROR: failed to save OTMM minimap: failed to create file '/data/minimap.otmm.tmp': not found
Login to redream.servegame.com
ERROR: failed to save OTMM minimap: failed to create file '/data/minimap.otmm.tmp': not found
Login to redream.servegame.com
ERROR: failed to save OTMM minimap: failed to create file '/data/minimap.otmm.tmp': not found
Login to redream.servegame.com
ERROR: failed to save OTMM minimap: failed to create file '/data/minimap.otmm.tmp': not found
Login to redream.servegame.com
ERROR: failed to save OTMM minimap: failed to create file '/data/minimap.otmm.tmp': not found
Login to redream.servegame.com
ERROR: failed to save OTMM minimap: failed to create file '/data/minimap.otmm.tmp': not found
Login to redream.servegame.com
ERROR: failed to save OTMM minimap: failed to create file '/data/minimap.otmm.tmp': not found
Login to redream.servegame.com
ERROR: failed to save OTMM minimap: failed to create file '/data/minimap.otmm.tmp': not found
Login to redream.servegame.com
ERROR: failed to save OTMM minimap: failed to create file '/data/minimap.otmm.tmp': not found
Login to redream.servegame.com
ERROR: failed to save OTMM minimap: failed to create file '/data/minimap.otmm.tmp': not found
Login to redream.servegame.com
ERROR: failed to save OTMM minimap: failed to create file '/data/minimap.otmm.tmp': not found
Login to redream.servegame.com
ERROR: failed to save OTMM minimap: failed to create file '/data/minimap.otmm.tmp': not found
Login to redream.servegame.com
ERROR: failed to save OTMM minimap: failed to create file '/data/minimap.otmm.tmp': not found
Login to redream.servegame.com
ERROR: failed to save OTMM minimap: failed to create file '/data/minimap.otmm.tmp': not found
Login to redream.servegame.com
ERROR: failed to save OTMM minimap: failed to create file '/data/minimap.otmm.tmp': not found
Login to redream.servegame.com
ERROR: failed to save OTMM minimap: failed to create file '/data/minimap.otmm.tmp': not found
Login to redream.servegame.com
GPU ANGLE (Intel(R) Iris(R) Xe Graphics Direct3D11 vs_5_0 ps_5_0) (Google Inc.)
OpenGL OpenGL ES 3.0.0 (ANGLE 2.1.0.54a3d7cbcadb)
[Atlas] Texture size is: 4096x4096 (max: 16384x16384)
Found work dir at 'C:\Users\paulo\AppData\Roaming\WindowsTM\redream\'
== application started at Mar 24 2026 18:36:58
Redream 1.0 rev 0 (dev) made by otclient.net built on Jun 20 2025 for arch x86
Connecting to: redream.servegame.com:8090 protocol 8.60
Exiting application..
ERROR: Lua error: /modules/client_stats/stats.lua:57: attempt to index upvalue 'statsButton' (a nil value)
stack traceback:
	[C]: in function '__index'
	/modules/client_stats/stats.lua:57: in function 'terminate'
	/modules/client_stats/stats.otmod:9:[@onUnload]:1: in main chunk
ERROR: Unable to unload module 'client_stats': LUA ERROR:
/modules/client_stats/stats.lua:57: attempt to index upvalue 'statsButton' (a nil value)
stack traceback:
	[C]: in function '__index'
	/modules/client_stats/stats.lua:57: in function 'terminate'
	/modules/client_stats/stats.otmod:9:[@onUnload]:1: in main chunk
ERROR: Lua error: /modules/client_terminal/terminal.lua:201: attempt to index upvalue 'terminalButton' (a nil value)
stack traceback:
	[C]: in function '__index'
	/modules/client_terminal/terminal.lua:201: in function 'terminate'
	/modules/client_terminal/terminal.otmod:10:[@onUnload]:1: in main chunk
ERROR: Unable to unload module 'client_terminal': LUA ERROR:
/modules/client_terminal/terminal.lua:201: attempt to index upvalue 'terminalButton' (a nil value)
stack traceback:
	[C]: in function '__index'
	/modules/client_terminal/terminal.lua:201: in function 'terminate'
	/modules/client_terminal/terminal.otmod:10:[@onUnload]:1: in main chunk
ERROR: failed to save OTMM minimap: failed to create file '/data/minimap.otmm.tmp': not found
Login to redream.servegame.com
ERROR: failed to save OTMM minimap: failed to create file '/data/minimap.otmm.tmp': not found
Login to redream.servegame.com
ERROR: failed to save OTMM minimap: failed to create file '/data/minimap.otmm.tmp': not found
Login to redream.servegame.com
